# JRE version: OpenJDK Runtime Environment Microsoft-10800295 (17.0.14+7) (build 17.0.14+7-LTS)
# Java VM: OpenJDK 64-Bit Server VM Microsoft-10800295 (17.0.14+7-LTS, mixed mode, sharing, tiered, compressed oops, compressed class ptrs, g1 gc, windows-amd64)
GC Precious Log:
 CPUs: 4 total, 4 available
 Memory: 6059M
 Large Page Support: Disabled
 NUMA Support: Disabled
 Compressed Oops: Enabled (32-bit)
 Heap Region Size: 1M
 Heap Min Capacity: 8M
 Heap Initial Capacity: 96M
 Heap Max Capacity: 1G
 Pre-touch: Disabled
 Parallel Workers: 4
 Concurrent Workers: 1
 Concurrent Refinement Workers: 4
 Periodic GC: Disabled
Heap:
 garbage-first heap   total 518144K, used 327979K [0x00000000c0000000, 0x0000000100000000)
  region size 1024K, 36 young (36864K), 7 survivors (7168K)
 Metaspace       used 19442K, committed 19712K, reserved 1114112K
  class space    used 2421K, committed 2560K, reserved 1048576K
GC Heap History (20 events):
Event: 9.680 GC heap before
{Heap before GC invocations=24 (full 0):
 garbage-first heap   total 518144K, used 350720K [0x00000000c0000000, 0x0000000100000000)
  region size 1024K, 181 young (185344K), 15 survivors (15360K)
 Metaspace       used 11898K, committed 12032K, reserved 1114112K
  class space    used 1455K, committed 1536K, reserved 1048576K
}
Event: 9.786 GC heap after
{Heap after GC invocations=25 (full 0):
 garbage-first heap   total 518144K, used 212480K [0x00000000c0000000, 0x0000000100000000)
  region size 1024K, 23 young (23552K), 23 survivors (23552K)
 Metaspace       used 11898K, committed 12032K, reserved 1114112K
  class space    used 1455K, committed 1536K, reserved 1048576K
}
Event: 10.485 GC heap before
{Heap before GC invocations=25 (full 0):
 garbage-first heap   total 518144K, used 371200K [0x00000000c0000000, 0x0000000100000000)
  region size 1024K, 178 young (182272K), 23 survivors (23552K)
 Metaspace       used 11952K, committed 12160K, reserved 1114112K
  class space    used 1456K, committed 1536K, reserved 1048576K
}
Event: 10.624 GC heap after
{Heap after GC invocations=26 (full 0):
 garbage-first heap   total 518144K, used 239616K [0x00000000c0000000, 0x0000000100000000)
  region size 1024K, 23 young (23552K), 23 survivors (23552K)
 Metaspace       used 11952K, committed 12160K, reserved 1114112K
  class space    used 1456K, committed 1536K, reserved 1048576K
}
Event: 10.947 GC heap before
{Heap before GC invocations=26 (full 0):
 garbage-first heap   total 518144K, used 389120K [0x00000000c0000000, 0x0000000100000000)
  region size 1024K, 169 young (173056K), 23 survivors (23552K)
 Metaspace       used 12017K, committed 12224K, reserved 1114112K
  class space    used 1456K, committed 1536K, reserved 1048576K
}
Event: 11.058 GC heap after
{Heap after GC invocations=27 (full 0):
 garbage-first heap   total 518144K, used 265216K [0x00000000c0000000, 0x0000000100000000)
  region size 1024K, 22 young (22528K), 22 survivors (22528K)
 Metaspace       used 12017K, committed 12224K, reserved 1114112K
  class space    used 1456K, committed 1536K, reserved 1048576K
}
Event: 14.125 GC heap before
{Heap before GC invocations=27 (full 0):
 garbage-first heap   total 518144K, used 421888K [0x00000000c0000000, 0x0000000100000000)
  region size 1024K, 156 young (159744K), 22 survivors (22528K)
 Metaspace       used 18029K, committed 18304K, reserved 1114112K
  class space    used 2319K, committed 2496K, reserved 1048576K
}
Event: 14.193 GC heap after
{Heap after GC invocations=28 (full 0):
 garbage-first heap   total 518144K, used 290358K [0x00000000c0000000, 0x0000000100000000)
  region size 1024K, 16 young (16384K), 16 survivors (16384K)
 Metaspace       used 18029K, committed 18304K, reserved 1114112K
  class space    used 2319K, committed 2496K, reserved 1048576K
}
Event: 15.857 GC heap before
{Heap before GC invocations=28 (full 0):
 garbage-first heap   total 518144K, used 414262K [0x00000000c0000000, 0x0000000100000000)
  region size 1024K, 137 young (140288K), 16 survivors (16384K)
 Metaspace       used 18996K, committed 19264K, reserved 1114112K
  class space    used 2384K, committed 2560K, reserved 1048576K
}
Event: 15.890 GC heap after
{Heap after GC invocations=29 (full 0):
 garbage-first heap   total 518144K, used 292352K [0x00000000c0000000, 0x0000000100000000)
  region size 1024K, 2 young (2048K), 2 survivors (2048K)
 Metaspace       used 18996K, committed 19264K, reserved 1114112K
  class space    used 2384K, committed 2560K, reserved 1048576K
}
Event: 17.027 GC heap before
{Heap before GC invocations=29 (full 0):
 garbage-first heap   total 518144K, used 423424K [0x00000000c0000000, 0x0000000100000000)
  region size 1024K, 128 young (131072K), 2 survivors (2048K)
 Metaspace       used 19127K, committed 19456K, reserved 1114112K
  class space    used 2386K, committed 2560K, reserved 1048576K
}
Event: 17.040 GC heap after
{Heap after GC invocations=30 (full 0):
 garbage-first heap   total 518144K, used 295424K [0x00000000c0000000, 0x0000000100000000)
  region size 1024K, 3 young (3072K), 3 survivors (3072K)
 Metaspace       used 19127K, committed 19456K, reserved 1114112K
  class space    used 2386K, committed 2560K, reserved 1048576K
}
Event: 19.682 GC heap before
{Heap before GC invocations=30 (full 0):
 garbage-first heap   total 518144K, used 428544K [0x00000000c0000000, 0x0000000100000000)
  region size 1024K, 133 young (136192K), 3 survivors (3072K)
 Metaspace       used 19285K, committed 19584K, reserved 1114112K
  class space    used 2404K, committed 2560K, reserved 1048576K
}
Event: 19.700 GC heap after
{Heap after GC invocations=31 (full 0):
 garbage-first heap   total 518144K, used 297260K [0x00000000c0000000, 0x0000000100000000)
  region size 1024K, 5 young (5120K), 5 survivors (5120K)
 Metaspace       used 19285K, committed 19584K, reserved 1114112K
  class space    used 2404K, committed 2560K, reserved 1048576K
}
Event: 31.517 GC heap before
{Heap before GC invocations=31 (full 0):
 garbage-first heap   total 518144K, used 434476K [0x00000000c0000000, 0x0000000100000000)
  region size 1024K, 139 young (142336K), 5 survivors (5120K)
 Metaspace       used 19358K, committed 19648K, reserved 1114112K
  class space    used 2411K, committed 2560K, reserved 1048576K
}
Event: 31.536 GC heap after
{Heap after GC invocations=32 (full 0):
 garbage-first heap   total 518144K, used 297884K [0x00000000c0000000, 0x0000000100000000)
  region size 1024K, 6 young (6144K), 6 survivors (6144K)
 Metaspace       used 19358K, committed 19648K, reserved 1114112K
  class space    used 2411K, committed 2560K, reserved 1048576K
}
Event: 33.370 GC heap before
{Heap before GC invocations=32 (full 0):
 garbage-first heap   total 518144K, used 439196K [0x00000000c0000000, 0x0000000100000000)
  region size 1024K, 144 young (147456K), 6 survivors (6144K)
 Metaspace       used 19415K, committed 19712K, reserved 1114112K
  class space    used 2420K, committed 2560K, reserved 1048576K
}
Event: 33.394 GC heap after
{Heap after GC invocations=33 (full 0):
 garbage-first heap   total 518144K, used 298416K [0x00000000c0000000, 0x0000000100000000)
  region size 1024K, 6 young (6144K), 6 survivors (6144K)
 Metaspace       used 19415K, committed 19712K, reserved 1114112K
  class space    used 2420K, committed 2560K, reserved 1048576K
}
Event: 37.117 GC heap before
{Heap before GC invocations=33 (full 0):
 garbage-first heap   total 518144K, used 443824K [0x00000000c0000000, 0x0000000100000000)
  region size 1024K, 148 young (151552K), 6 survivors (6144K)
 Metaspace       used 19437K, committed 19712K, reserved 1114112K
  class space    used 2421K, committed 2560K, reserved 1048576K
}
Event: 37.163 GC heap after
{Heap after GC invocations=34 (full 0):
 garbage-first heap   total 518144K, used 299307K [0x00000000c0000000, 0x0000000100000000)
  region size 1024K, 7 young (7168K), 7 survivors (7168K)
 Metaspace       used 19437K, committed 19712K, reserved 1114112K
  class space    used 2421K, committed 2560K, reserved 1048576K
}

